#-----------------------------------------------------------
# Vivado v2019.2 (64-bit)
# SW Build 2708876 on Wed Nov  6 21:40:23 MST 2019
# IP Build 2700528 on Thu Nov  7 00:09:20 MST 2019
# Start of session at: Sat Oct  8 16:15:37 2022
# Process ID: 22068
# Current directory: E:/EE5003/hardware/ultrascale_cnn_v1/ultrascale_v33
# Command line: vivado.exe -gui_launcher_event rodinguilauncherevent4876 E:\EE5003\hardware\ultrascale_cnn_v1\ultrascale_v33\ultrascale_v33.xpr
# Log file: E:/EE5003/hardware/ultrascale_cnn_v1/ultrascale_v33/vivado.log
# Journal file: E:/EE5003/hardware/ultrascale_cnn_v1/ultrascale_v33\vivado.jou
#-----------------------------------------------------------
start_gui
open_project E:/EE5003/hardware/ultrascale_cnn_v1/ultrascale_v33/ultrascale_v33.xpr
Scanning sources...
Finished scanning sources
INFO: [IP_Flow 19-234] Refreshing IP repositories
INFO: [IP_Flow 19-1700] Loaded user IP repository 'e:/EE5003/hardware/ultrascale_cnn_v1/hls_cnn_v7/solution1'.
INFO: [IP_Flow 19-2313] Loaded Vivado IP repository 'D:/Xilinx/Vivado/2019.2/data/ip'.
WARNING: [BD 41-1661] One or more IPs have been locked in the design 'design_1.bd'. Please run report_ip_status for more details and recommendations on how to fix this issue.
List of locked IPs:
design_1_SnnAcc_0_2

open_project: Time (s): cpu = 00:00:18 ; elapsed = 00:00:09 . Memory (MB): peak = 874.598 ; gain = 235.438
open_bd_design {E:/EE5003/hardware/ultrascale_cnn_v1/ultrascale_v33/ultrascale_v33.srcs/sources_1/bd/design_1/design_1.bd}
Adding component instance block -- xilinx.com:ip:proc_sys_reset:5.0 - rst_ps8_0_99M
Adding component instance block -- xilinx.com:ip:smartconnect:1.0 - axi_smc
Adding component instance block -- xilinx.com:ip:axi_interconnect:2.1 - ps8_0_axi_periph
Adding component instance block -- xilinx.com:ip:axi_crossbar:2.1 - xbar
Adding component instance block -- xilinx.com:ip:axi_dwidth_converter:2.1 - auto_ds
Adding component instance block -- xilinx.com:ip:axi_protocol_converter:2.1 - auto_pc
Adding component instance block -- xilinx.com:ip:axi_dwidth_converter:2.1 - auto_ds
Adding component instance block -- xilinx.com:ip:axi_protocol_converter:2.1 - auto_pc
Adding component instance block -- xilinx.com:ip:zynq_ultra_ps_e:3.3 - zynq_ultra_ps_e_0
Adding component instance block -- xilinx.com:hls:SnnAcc:0.0 - SnnAcc_0
Excluding slave segment /zynq_ultra_ps_e_0/SAXIGP2/HP0_LPS_OCM from address space /SnnAcc_0/Data_m_axi_ddr_0_V.
Successfully read diagram <design_1> from BD file <E:/EE5003/hardware/ultrascale_cnn_v1/ultrascale_v33/ultrascale_v33.srcs/sources_1/bd/design_1/design_1.bd>
open_bd_design: Time (s): cpu = 00:00:07 ; elapsed = 00:00:07 . Memory (MB): peak = 1085.914 ; gain = 69.715
update_compile_order -fileset sources_1
exit
INFO: [Common 17-206] Exiting Vivado at Sat Oct  8 16:19:12 2022...
