#-----------------------------------------------------------
# Vivado v2019.2 (64-bit)
# SW Build 2708876 on Wed Nov  6 21:40:23 MST 2019
# IP Build 2700528 on Thu Nov  7 00:09:20 MST 2019
# Start of session at: Sun Oct 16 21:22:40 2022
# Process ID: 14856
# Current directory: E:/EE5003/hardware/hls_project/ultrascale_cnn_v1/ultrascale_v33
# Command line: vivado.exe -gui_launcher_event rodinguilauncherevent10292 E:\EE5003\hardware\hls_project\ultrascale_cnn_v1\ultrascale_v33\ultrascale_v33.xpr
# Log file: E:/EE5003/hardware/hls_project/ultrascale_cnn_v1/ultrascale_v33/vivado.log
# Journal file: E:/EE5003/hardware/hls_project/ultrascale_cnn_v1/ultrascale_v33\vivado.jou
#-----------------------------------------------------------
start_gui
open_project E:/EE5003/hardware/hls_project/ultrascale_cnn_v1/ultrascale_v33/ultrascale_v33.xpr
Scanning sources...
Finished scanning sources
INFO: [IP_Flow 19-234] Refreshing IP repositories
INFO: [IP_Flow 19-1700] Loaded user IP repository 'e:/EE5003/hardware/hls_project/ultrascale_cnn_v1/hls_cnn_v7/solution1'.
INFO: [IP_Flow 19-2313] Loaded Vivado IP repository 'D:/Xilinx/Vivado/2019.2/data/ip'.
open_project: Time (s): cpu = 00:00:14 ; elapsed = 00:00:08 . Memory (MB): peak = 861.312 ; gain = 186.391
INFO: [Vivado 12-8231] Launching Vitis
INFO: [Vivado 12-417] Running vitis
INFO: [Vivado 12-8232] Vitis launch initiated. Please check console for any further messages.
update_compile_order -fileset sources_1
exit
INFO: [Common 17-206] Exiting Vivado at Sun Oct 16 21:24:59 2022...
